| F=0 C_OUT=0 S=0 C_IN=0 B=0 A=0 
| time = 50.000ns
| critical path for last transition of F:
|   B -> 0 @ 0.000ns , node was an input
|   a_n58_n45# -> 1 @ 0.085ns   (0.085ns)
|   F -> 0 @ 0.086ns   (0.001ns)
| F=0 C_OUT=0 S=1 C_IN=0 B=0 A=0 
| time = 100.000ns
| critical path for last transition of F:
|   B -> 0 @ 0.000ns , node was an input
|   a_n58_n45# -> 1 @ 0.085ns   (0.085ns)
|   F -> 0 @ 0.086ns   (0.001ns)
| F=0 C_OUT=1 S=0 C_IN=1 B=0 A=0 
| time = 150.000ns
| critical path for last transition of F:
|   B -> 0 @ 0.000ns , node was an input
|   a_n58_n45# -> 1 @ 0.085ns   (0.085ns)
|   F -> 0 @ 0.086ns   (0.001ns)
| F=0 C_OUT=1 S=1 C_IN=1 B=0 A=0 
| time = 200.000ns
| critical path for last transition of F:
|   B -> 0 @ 0.000ns , node was an input
|   a_n58_n45# -> 1 @ 0.085ns   (0.085ns)
|   F -> 0 @ 0.086ns   (0.001ns)
| F=1 C_OUT=1 S=0 C_IN=0 B=1 A=0 
| time = 250.000ns
| critical path for last transition of F:
|   S -> 0 @ 200.000ns , node was an input
|   a_n38_n37# -> 1 @ 200.043ns   (0.043ns)
|   a_n58_n45# -> 0 @ 200.137ns   (0.094ns)
|   F -> 1 @ 200.139ns   (0.002ns)
| F=0 C_OUT=1 S=1 C_IN=0 B=1 A=0 
| time = 300.000ns
| critical path for last transition of F:
|   S -> 1 @ 250.000ns , node was an input
|   a_n38_n37# -> 0 @ 250.020ns   (0.020ns)
|   a_n58_n45# -> 1 @ 250.116ns   (0.096ns)
|   F -> 0 @ 250.117ns   (0.001ns)
| F=1 C_OUT=1 S=0 C_IN=1 B=1 A=0 
| time = 350.000ns
| critical path for last transition of F:
|   S -> 0 @ 300.000ns , node was an input
|   a_n38_n37# -> 1 @ 300.043ns   (0.043ns)
|   a_n58_n45# -> 0 @ 300.137ns   (0.094ns)
|   F -> 1 @ 300.139ns   (0.002ns)
| F=0 C_OUT=1 S=1 C_IN=1 B=1 A=0 
| time = 400.000ns
| critical path for last transition of F:
|   S -> 1 @ 350.000ns , node was an input
|   a_n38_n37# -> 0 @ 350.020ns   (0.020ns)
|   a_n58_n45# -> 1 @ 350.116ns   (0.096ns)
|   F -> 0 @ 350.117ns   (0.001ns)
| F=0 C_OUT=0 S=0 C_IN=0 B=0 A=1 
| time = 450.000ns
| critical path for last transition of F:
|   transition of a_n38_n37#, which has since changed again
|   a_n58_n45# -> 1 @ 350.116ns   (?)
|   F -> 0 @ 350.117ns   (0.001ns)
| F=1 C_OUT=0 S=1 C_IN=0 B=0 A=1 
| time = 500.000ns
| critical path for last transition of F:
|   S -> 1 @ 450.000ns , node was an input
|   a_n10_n45# -> 0 @ 450.056ns   (0.056ns)
|   F -> 1 @ 450.058ns   (0.002ns)
| F=0 C_OUT=0 S=0 C_IN=1 B=0 A=1 
| time = 550.000ns
| critical path for last transition of F:
|   S -> 0 @ 500.000ns , node was an input
|   a_n10_n45# -> 1 @ 500.059ns   (0.059ns)
|   F -> 0 @ 500.060ns   (0.001ns)
| F=1 C_OUT=0 S=1 C_IN=1 B=0 A=1 
| time = 600.000ns
| critical path for last transition of F:
|   S -> 1 @ 550.000ns , node was an input
|   a_n10_n45# -> 0 @ 550.056ns   (0.056ns)
|   F -> 1 @ 550.058ns   (0.002ns)
| F=1 C_OUT=0 S=0 C_IN=0 B=1 A=1 
| time = 650.000ns
| critical path for last transition of F:
|   S -> 0 @ 600.000ns , node was an input
|   a_n38_n37# -> 1 @ 600.043ns   (0.043ns)
|   a_n58_n45# -> 0 @ 600.137ns   (0.094ns)
|   F -> 1 @ 600.139ns   (0.002ns)
| F=1 C_OUT=0 S=1 C_IN=0 B=1 A=1 
| time = 700.000ns
| critical path for last transition of F:
|   transition of a_n58_n45#, which has since changed again
|   F -> 1 @ 600.139ns   (?)
| F=1 C_OUT=1 S=0 C_IN=1 B=1 A=1 
| time = 750.000ns
| critical path for last transition of F:
|   S -> 0 @ 700.000ns , node was an input
|   a_n38_n37# -> 1 @ 700.043ns   (0.043ns)
|   a_n58_n45# -> 0 @ 700.137ns   (0.094ns)
|   F -> 1 @ 700.139ns   (0.002ns)
| F=1 C_OUT=1 S=1 C_IN=1 B=1 A=1 
| time = 800.000ns
| critical path for last transition of F:
|   transition of a_n58_n45#, which has since changed again
|   F -> 1 @ 700.139ns   (?)
